<?xml version="1.0" encoding="UTF-8"?>
<testsuite xmlns:xsi="http://www.w3.org/2001/XMLSchema-instance" xsi:noNamespaceSchemaLocation="https://maven.apache.org/surefire/maven-surefire-plugin/xsd/surefire-test-report.xsd" name="BookSearchTest" time="0.14" tests="1" errors="1" skipped="0" failures="0">
  <properties>
    <property name="sun.desktop" value="gnome"/>
    <property name="awt.toolkit" value="sun.awt.X11.XToolkit"/>
    <property name="java.specification.version" value="11"/>
    <property name="sun.cpu.isalist" value=""/>
    <property name="sun.jnu.encoding" value="UTF-8"/>
    <property name="java.class.path" value="/home/vicente/Desktop/uni/tqs/TQS/lab5/lab5_2/target/test-classes:/home/vicente/Desktop/uni/tqs/TQS/lab5/lab5_2/target/classes:/home/vicente/.m2/repository/io/cucumber/cucumber-java/7.2.3/cucumber-java-7.2.3.jar:/home/vicente/.m2/repository/io/cucumber/cucumber-core/7.2.3/cucumber-core-7.2.3.jar:/home/vicente/.m2/repository/io/cucumber/cucumber-gherkin/7.2.3/cucumber-gherkin-7.2.3.jar:/home/vicente/.m2/repository/io/cucumber/cucumber-gherkin-messages/7.2.3/cucumber-gherkin-messages-7.2.3.jar:/home/vicente/.m2/repository/io/cucumber/messages/17.1.1/messages-17.1.1.jar:/home/vicente/.m2/repository/io/cucumber/tag-expressions/4.1.0/tag-expressions-4.1.0.jar:/home/vicente/.m2/repository/io/cucumber/cucumber-expressions/15.0.1/cucumber-expressions-15.0.1.jar:/home/vicente/.m2/repository/io/cucumber/datatable/7.2.3/datatable-7.2.3.jar:/home/vicente/.m2/repository/io/cucumber/cucumber-plugin/7.2.3/cucumber-plugin-7.2.3.jar:/home/vicente/.m2/repository/io/cucumber/docstring/7.2.3/docstring-7.2.3.jar:/home/vicente/.m2/repository/io/cucumber/html-formatter/17.0.0/html-formatter-17.0.0.jar:/home/vicente/.m2/repository/io/cucumber/ci-environment/8.1.0/ci-environment-8.1.0.jar:/home/vicente/.m2/repository/org/apiguardian/apiguardian-api/1.1.2/apiguardian-api-1.1.2.jar:/home/vicente/.m2/repository/io/cucumber/cucumber-junit-platform-engine/7.2.3/cucumber-junit-platform-engine-7.2.3.jar:/home/vicente/.m2/repository/org/junit/platform/junit-platform-engine/1.8.2/junit-platform-engine-1.8.2.jar:/home/vicente/.m2/repository/org/opentest4j/opentest4j/1.2.0/opentest4j-1.2.0.jar:/home/vicente/.m2/repository/org/junit/platform/junit-platform-commons/1.8.2/junit-platform-commons-1.8.2.jar:/home/vicente/.m2/repository/org/junit/platform/junit-platform-suite/1.8.2/junit-platform-suite-1.8.2.jar:/home/vicente/.m2/repository/org/junit/platform/junit-platform-suite-api/1.8.2/junit-platform-suite-api-1.8.2.jar:/home/vicente/.m2/repository/org/junit/platform/junit-platform-suite-engine/1.8.2/junit-platform-suite-engine-1.8.2.jar:/home/vicente/.m2/repository/org/junit/platform/junit-platform-suite-commons/1.8.2/junit-platform-suite-commons-1.8.2.jar:/home/vicente/.m2/repository/org/junit/platform/junit-platform-launcher/1.8.2/junit-platform-launcher-1.8.2.jar:/home/vicente/.m2/repository/org/junit/jupiter/junit-jupiter/5.8.2/junit-jupiter-5.8.2.jar:/home/vicente/.m2/repository/org/junit/jupiter/junit-jupiter-api/5.8.2/junit-jupiter-api-5.8.2.jar:/home/vicente/.m2/repository/org/junit/jupiter/junit-jupiter-params/5.8.2/junit-jupiter-params-5.8.2.jar:/home/vicente/.m2/repository/org/junit/jupiter/junit-jupiter-engine/5.8.2/junit-jupiter-engine-5.8.2.jar:"/>
    <property name="java.vm.vendor" value="Ubuntu"/>
    <property name="sun.arch.data.model" value="64"/>
    <property name="java.vendor.url" value="https://ubuntu.com/"/>
    <property name="user.timezone" value=""/>
    <property name="java.vm.specification.version" value="11"/>
    <property name="os.name" value="Linux"/>
    <property name="sun.java.launcher" value="SUN_STANDARD"/>
    <property name="user.country" value="US"/>
    <property name="sun.boot.library.path" value="/usr/lib/jvm/java-11-openjdk-amd64/lib"/>
    <property name="sun.java.command" value="/home/vicente/Desktop/uni/tqs/TQS/lab5/lab5_2/target/surefire/surefirebooter1882076343252617614.jar /home/vicente/Desktop/uni/tqs/TQS/lab5/lab5_2/target/surefire 2022-04-08T16-27-41_621-jvmRun1 surefire16235176296146038108tmp surefire_016936333500882090657tmp"/>
    <property name="jdk.debug" value="release"/>
    <property name="surefire.test.class.path" value="/home/vicente/Desktop/uni/tqs/TQS/lab5/lab5_2/target/test-classes:/home/vicente/Desktop/uni/tqs/TQS/lab5/lab5_2/target/classes:/home/vicente/.m2/repository/io/cucumber/cucumber-java/7.2.3/cucumber-java-7.2.3.jar:/home/vicente/.m2/repository/io/cucumber/cucumber-core/7.2.3/cucumber-core-7.2.3.jar:/home/vicente/.m2/repository/io/cucumber/cucumber-gherkin/7.2.3/cucumber-gherkin-7.2.3.jar:/home/vicente/.m2/repository/io/cucumber/cucumber-gherkin-messages/7.2.3/cucumber-gherkin-messages-7.2.3.jar:/home/vicente/.m2/repository/io/cucumber/messages/17.1.1/messages-17.1.1.jar:/home/vicente/.m2/repository/io/cucumber/tag-expressions/4.1.0/tag-expressions-4.1.0.jar:/home/vicente/.m2/repository/io/cucumber/cucumber-expressions/15.0.1/cucumber-expressions-15.0.1.jar:/home/vicente/.m2/repository/io/cucumber/datatable/7.2.3/datatable-7.2.3.jar:/home/vicente/.m2/repository/io/cucumber/cucumber-plugin/7.2.3/cucumber-plugin-7.2.3.jar:/home/vicente/.m2/repository/io/cucumber/docstring/7.2.3/docstring-7.2.3.jar:/home/vicente/.m2/repository/io/cucumber/html-formatter/17.0.0/html-formatter-17.0.0.jar:/home/vicente/.m2/repository/io/cucumber/ci-environment/8.1.0/ci-environment-8.1.0.jar:/home/vicente/.m2/repository/org/apiguardian/apiguardian-api/1.1.2/apiguardian-api-1.1.2.jar:/home/vicente/.m2/repository/io/cucumber/cucumber-junit-platform-engine/7.2.3/cucumber-junit-platform-engine-7.2.3.jar:/home/vicente/.m2/repository/org/junit/platform/junit-platform-engine/1.8.2/junit-platform-engine-1.8.2.jar:/home/vicente/.m2/repository/org/opentest4j/opentest4j/1.2.0/opentest4j-1.2.0.jar:/home/vicente/.m2/repository/org/junit/platform/junit-platform-commons/1.8.2/junit-platform-commons-1.8.2.jar:/home/vicente/.m2/repository/org/junit/platform/junit-platform-suite/1.8.2/junit-platform-suite-1.8.2.jar:/home/vicente/.m2/repository/org/junit/platform/junit-platform-suite-api/1.8.2/junit-platform-suite-api-1.8.2.jar:/home/vicente/.m2/repository/org/junit/platform/junit-platform-suite-engine/1.8.2/junit-platform-suite-engine-1.8.2.jar:/home/vicente/.m2/repository/org/junit/platform/junit-platform-suite-commons/1.8.2/junit-platform-suite-commons-1.8.2.jar:/home/vicente/.m2/repository/org/junit/platform/junit-platform-launcher/1.8.2/junit-platform-launcher-1.8.2.jar:/home/vicente/.m2/repository/org/junit/jupiter/junit-jupiter/5.8.2/junit-jupiter-5.8.2.jar:/home/vicente/.m2/repository/org/junit/jupiter/junit-jupiter-api/5.8.2/junit-jupiter-api-5.8.2.jar:/home/vicente/.m2/repository/org/junit/jupiter/junit-jupiter-params/5.8.2/junit-jupiter-params-5.8.2.jar:/home/vicente/.m2/repository/org/junit/jupiter/junit-jupiter-engine/5.8.2/junit-jupiter-engine-5.8.2.jar:"/>
    <property name="sun.cpu.endian" value="little"/>
    <property name="user.home" value="/home/vicente"/>
    <property name="user.language" value="en"/>
    <property name="java.specification.vendor" value="Oracle Corporation"/>
    <property name="java.version.date" value="2021-10-19"/>
    <property name="java.home" value="/usr/lib/jvm/java-11-openjdk-amd64"/>
    <property name="file.separator" value="/"/>
    <property name="basedir" value="/home/vicente/Desktop/uni/tqs/TQS/lab5/lab5_2"/>
    <property name="java.vm.compressedOopsMode" value="Zero based"/>
    <property name="line.separator" value="&#10;"/>
    <property name="java.specification.name" value="Java Platform API Specification"/>
    <property name="java.vm.specification.vendor" value="Oracle Corporation"/>
    <property name="java.awt.graphicsenv" value="sun.awt.X11GraphicsEnvironment"/>
    <property name="surefire.real.class.path" value="/home/vicente/Desktop/uni/tqs/TQS/lab5/lab5_2/target/surefire/surefirebooter1882076343252617614.jar"/>
    <property name="sun.management.compiler" value="HotSpot 64-Bit Tiered Compilers"/>
    <property name="java.runtime.version" value="11.0.13+8-Ubuntu-0ubuntu1.18.04"/>
    <property name="user.name" value="vicente"/>
    <property name="path.separator" value=":"/>
    <property name="os.version" value="5.4.0-94-generic"/>
    <property name="java.runtime.name" value="OpenJDK Runtime Environment"/>
    <property name="file.encoding" value="UTF-8"/>
    <property name="java.vm.name" value="OpenJDK 64-Bit Server VM"/>
    <property name="localRepository" value="/home/vicente/.m2/repository"/>
    <property name="java.vendor.url.bug" value="https://bugs.launchpad.net/ubuntu/+source/openjdk-lts"/>
    <property name="java.io.tmpdir" value="/tmp"/>
    <property name="java.version" value="11.0.13"/>
    <property name="user.dir" value="/home/vicente/Desktop/uni/tqs/TQS/lab5/lab5_2"/>
    <property name="os.arch" value="amd64"/>
    <property name="java.vm.specification.name" value="Java Virtual Machine Specification"/>
    <property name="java.awt.printerjob" value="sun.print.PSPrinterJob"/>
    <property name="sun.os.patch.level" value="unknown"/>
    <property name="java.library.path" value="/usr/java/packages/lib:/usr/lib/x86_64-linux-gnu/jni:/lib/x86_64-linux-gnu:/usr/lib/x86_64-linux-gnu:/usr/lib/jni:/lib:/usr/lib"/>
    <property name="java.vm.info" value="mixed mode, sharing"/>
    <property name="java.vendor" value="Ubuntu"/>
    <property name="java.vm.version" value="11.0.13+8-Ubuntu-0ubuntu1.18.04"/>
    <property name="sun.io.unicode.encoding" value="UnicodeLittle"/>
    <property name="java.class.version" value="55.0"/>
  </properties>
  <testcase name="Book search - Search books by publication year" classname="io.cucumber.skeleton.search.BookSearchTest" time="0.075">
    <error message="The step &apos;a book with the title &apos;One good book&apos;, written by &apos;Anonymous&apos;, published in 2013-14-03&apos; and 2 other step(s) are undefined.&#10;You can implement these steps using the snippet(s) below:&#10;&#10;@Given(&quot;a book with the title {string}, written by {string}, published in {int}-{int}-{int}&quot;)&#10;public void a_book_with_the_title_written_by_published_in(String string, String string2, Integer int1, Integer int2, Integer int3) {&#10;    // Write code here that turns the phrase above into concrete actions&#10;    throw new io.cucumber.java.PendingException();&#10;}&#10;@Given(&quot;another book with the title {string}, written by {string}, published in {int}-{int}-{int}&quot;)&#10;public void another_book_with_the_title_written_by_published_in(String string, String string2, Integer int1, Integer int2, Integer int3) {&#10;    // Write code here that turns the phrase above into concrete actions&#10;    throw new io.cucumber.java.PendingException();&#10;}&#10;" type="io.cucumber.junit.platform.engine.UndefinedStepException">io.cucumber.junit.platform.engine.UndefinedStepException: 
The step 'a book with the title 'One good book', written by 'Anonymous', published in 2013-14-03' and 2 other step(s) are undefined.
You can implement these steps using the snippet(s) below:

@Given("a book with the title {string}, written by {string}, published in {int}-{int}-{int}")
public void a_book_with_the_title_written_by_published_in(String string, String string2, Integer int1, Integer int2, Integer int3) {
    // Write code here that turns the phrase above into concrete actions
    throw new io.cucumber.java.PendingException();
}
@Given("another book with the title {string}, written by {string}, published in {int}-{int}-{int}")
public void another_book_with_the_title_written_by_published_in(String string, String string2, Integer int1, Integer int2, Integer int3) {
    // Write code here that turns the phrase above into concrete actions
    throw new io.cucumber.java.PendingException();
}

</error>
    <system-out><![CDATA[
Scenario: Search books by publication year                                                                    &amp#27;[90m# io/cucumber/skeleton/search/search_book.feature:4&amp#27;[0m
  &amp#27;[33mGiven &amp#27;[0m&amp#27;[33ma book with the title 'One good book', written by 'Anonymous', published in 2013-14-03&amp#27;[0m
  &amp#27;[36mAnd &amp#27;[0m&amp#27;[36manother book with the title 'Some other book', written by 'Tim Tomson', published in 2014-23-08&amp#27;[0m
  &amp#27;[36mAnd &amp#27;[0m&amp#27;[36manother book with the title 'How to cook a dino', written by 'Fred Flintstone', published in 2012-01-01&amp#27;[0m
  &amp#27;[36mWhen &amp#27;[0m&amp#27;[36mthe customer searches for books published between &amp#27;[0m&amp#27;[36m&amp#27;[1m2013&amp#27;[0m&amp#27;[36m and &amp#27;[0m&amp#27;[36m&amp#27;[1m2014&amp#27;[0m                                        &amp#27;[90m# io.cucumber.skeleton.search.BookSearchSteps.setSearchParameters(java.lang.String,java.lang.String)&amp#27;[0m
  &amp#27;[36mThen &amp#27;[0m&amp#27;[36m&amp#27;[0m&amp#27;[36m&amp#27;[1m2&amp#27;[0m&amp#27;[36m books should have been found&amp#27;[0m                                                                         &amp#27;[90m# io.cucumber.skeleton.search.BookSearchSteps.verifyAmountOfBooksFound(int)&amp#27;[0m
  &amp#27;[36mAnd &amp#27;[0m&amp#27;[36mBook &amp#27;[0m&amp#27;[36m&amp#27;[1m1&amp#27;[0m&amp#27;[36m should have the title &amp#27;[0m&amp#27;[36m&amp#27;[1m'Some other book'&amp#27;[0m                                                          &amp#27;[90m# io.cucumber.skeleton.search.BookSearchSteps.verifyBookAtPosition(int,java.lang.String)&amp#27;[0m
  &amp#27;[36mAnd &amp#27;[0m&amp#27;[36mBook &amp#27;[0m&amp#27;[36m&amp#27;[1m2&amp#27;[0m&amp#27;[36m should have the title &amp#27;[0m&amp#27;[36m&amp#27;[1m'One good book'&amp#27;[0m                                                            &amp#27;[90m# io.cucumber.skeleton.search.BookSearchSteps.verifyBookAtPosition(int,java.lang.String)&amp#27;[0m
]]></system-out>
  </testcase>
</testsuite>