<?xml version="1.0" encoding="UTF-8"?>
<testsuite xmlns:xsi="http://www.w3.org/2001/XMLSchema-instance" xsi:noNamespaceSchemaLocation="https://maven.apache.org/surefire/maven-surefire-plugin/xsd/surefire-test-report.xsd" name="io.cucumber.skeleton.BookSearchTest" time="0.132" tests="1" errors="1" skipped="0" failures="0">
  <properties>
    <property name="sun.desktop" value="gnome"/>
    <property name="awt.toolkit" value="sun.awt.X11.XToolkit"/>
    <property name="java.specification.version" value="11"/>
    <property name="sun.cpu.isalist" value=""/>
    <property name="sun.jnu.encoding" value="UTF-8"/>
    <property name="java.class.path" value="/home/vicente/Desktop/uni/tqs/TQS/lab5/lab5_2/target/test-classes:/home/vicente/Desktop/uni/tqs/TQS/lab5/lab5_2/target/classes:/home/vicente/.m2/repository/junit/junit/4.12/junit-4.12.jar:/home/vicente/.m2/repository/org/hamcrest/hamcrest-core/1.3/hamcrest-core-1.3.jar:/home/vicente/.m2/repository/info/cukes/cucumber-java/1.2.0/cucumber-java-1.2.0.jar:/home/vicente/.m2/repository/info/cukes/cucumber-core/1.2.0/cucumber-core-1.2.0.jar:/home/vicente/.m2/repository/info/cukes/cucumber-html/0.2.3/cucumber-html-0.2.3.jar:/home/vicente/.m2/repository/info/cukes/cucumber-jvm-deps/1.0.3/cucumber-jvm-deps-1.0.3.jar:/home/vicente/.m2/repository/info/cukes/gherkin/2.12.2/gherkin-2.12.2.jar:/home/vicente/.m2/repository/info/cukes/cucumber-junit/1.2.0/cucumber-junit-1.2.0.jar:"/>
    <property name="java.vm.vendor" value="Ubuntu"/>
    <property name="sun.arch.data.model" value="64"/>
    <property name="java.vendor.url" value="https://ubuntu.com/"/>
    <property name="user.timezone" value=""/>
    <property name="java.vm.specification.version" value="11"/>
    <property name="os.name" value="Linux"/>
    <property name="sun.java.launcher" value="SUN_STANDARD"/>
    <property name="user.country" value="US"/>
    <property name="sun.boot.library.path" value="/usr/lib/jvm/java-11-openjdk-amd64/lib"/>
    <property name="sun.java.command" value="/home/vicente/Desktop/uni/tqs/TQS/lab5/lab5_2/target/surefire/surefirebooter10713777986085557414.jar /home/vicente/Desktop/uni/tqs/TQS/lab5/lab5_2/target/surefire 2022-04-08T10-48-14_413-jvmRun1 surefire1671287291601597411tmp surefire_016266276592840713339tmp"/>
    <property name="jdk.debug" value="release"/>
    <property name="surefire.test.class.path" value="/home/vicente/Desktop/uni/tqs/TQS/lab5/lab5_2/target/test-classes:/home/vicente/Desktop/uni/tqs/TQS/lab5/lab5_2/target/classes:/home/vicente/.m2/repository/junit/junit/4.12/junit-4.12.jar:/home/vicente/.m2/repository/org/hamcrest/hamcrest-core/1.3/hamcrest-core-1.3.jar:/home/vicente/.m2/repository/info/cukes/cucumber-java/1.2.0/cucumber-java-1.2.0.jar:/home/vicente/.m2/repository/info/cukes/cucumber-core/1.2.0/cucumber-core-1.2.0.jar:/home/vicente/.m2/repository/info/cukes/cucumber-html/0.2.3/cucumber-html-0.2.3.jar:/home/vicente/.m2/repository/info/cukes/cucumber-jvm-deps/1.0.3/cucumber-jvm-deps-1.0.3.jar:/home/vicente/.m2/repository/info/cukes/gherkin/2.12.2/gherkin-2.12.2.jar:/home/vicente/.m2/repository/info/cukes/cucumber-junit/1.2.0/cucumber-junit-1.2.0.jar:"/>
    <property name="sun.cpu.endian" value="little"/>
    <property name="user.home" value="/home/vicente"/>
    <property name="user.language" value="en"/>
    <property name="java.specification.vendor" value="Oracle Corporation"/>
    <property name="java.version.date" value="2021-10-19"/>
    <property name="java.home" value="/usr/lib/jvm/java-11-openjdk-amd64"/>
    <property name="file.separator" value="/"/>
    <property name="basedir" value="/home/vicente/Desktop/uni/tqs/TQS/lab5/lab5_2"/>
    <property name="java.vm.compressedOopsMode" value="Zero based"/>
    <property name="line.separator" value="&#10;"/>
    <property name="java.specification.name" value="Java Platform API Specification"/>
    <property name="java.vm.specification.vendor" value="Oracle Corporation"/>
    <property name="java.awt.graphicsenv" value="sun.awt.X11GraphicsEnvironment"/>
    <property name="surefire.real.class.path" value="/home/vicente/Desktop/uni/tqs/TQS/lab5/lab5_2/target/surefire/surefirebooter10713777986085557414.jar"/>
    <property name="sun.management.compiler" value="HotSpot 64-Bit Tiered Compilers"/>
    <property name="java.runtime.version" value="11.0.13+8-Ubuntu-0ubuntu1.18.04"/>
    <property name="user.name" value="vicente"/>
    <property name="path.separator" value=":"/>
    <property name="os.version" value="5.4.0-94-generic"/>
    <property name="java.runtime.name" value="OpenJDK Runtime Environment"/>
    <property name="file.encoding" value="UTF-8"/>
    <property name="java.vm.name" value="OpenJDK 64-Bit Server VM"/>
    <property name="localRepository" value="/home/vicente/.m2/repository"/>
    <property name="java.vendor.url.bug" value="https://bugs.launchpad.net/ubuntu/+source/openjdk-lts"/>
    <property name="java.io.tmpdir" value="/tmp"/>
    <property name="java.version" value="11.0.13"/>
    <property name="user.dir" value="/home/vicente/Desktop/uni/tqs/TQS/lab5/lab5_2"/>
    <property name="os.arch" value="amd64"/>
    <property name="java.vm.specification.name" value="Java Virtual Machine Specification"/>
    <property name="java.awt.printerjob" value="sun.print.PSPrinterJob"/>
    <property name="sun.os.patch.level" value="unknown"/>
    <property name="java.library.path" value="/usr/java/packages/lib:/usr/lib/x86_64-linux-gnu/jni:/lib/x86_64-linux-gnu:/usr/lib/x86_64-linux-gnu:/usr/lib/jni:/lib:/usr/lib"/>
    <property name="java.vm.info" value="mixed mode, sharing"/>
    <property name="java.vendor" value="Ubuntu"/>
    <property name="java.vm.version" value="11.0.13+8-Ubuntu-0ubuntu1.18.04"/>
    <property name="sun.io.unicode.encoding" value="UnicodeLittle"/>
    <property name="java.class.version" value="55.0"/>
  </properties>
  <testcase name="initializationError" classname="io.cucumber.skeleton.BookSearchTest" time="0.003">
    <error message="java.util.regex.PatternSyntaxException: Illegal repetition near index 19&#10;book with the title {string}, written by {string}, published in {string}&#10;                   ^" type="cucumber.runtime.CucumberException">cucumber.runtime.CucumberException: 
java.util.regex.PatternSyntaxException: Illegal repetition near index 19
book with the title {string}, written by {string}, published in {string}
                   ^
Caused by: java.util.regex.PatternSyntaxException: 
Illegal repetition near index 19
book with the title {string}, written by {string}, published in {string}
                   ^
</error>
  </testcase>
</testsuite>