<?xml version="1.0" encoding="UTF-8"?>
<testsuite xmlns:xsi="http://www.w3.org/2001/XMLSchema-instance" xsi:noNamespaceSchemaLocation="https://maven.apache.org/surefire/maven-surefire-plugin/xsd/surefire-test-report.xsd" name="tqs.lab7.ApiTest" time="2.57" tests="3" errors="0" skipped="0" failures="0">
  <properties>
    <property name="sun.desktop" value="gnome"/>
    <property name="awt.toolkit" value="sun.awt.X11.XToolkit"/>
    <property name="java.specification.version" value="11"/>
    <property name="sun.cpu.isalist" value=""/>
    <property name="sun.jnu.encoding" value="UTF-8"/>
    <property name="java.class.path" value="/home/vicente/Desktop/uni/tqs/TQS/lab7/rest_assured/target/test-classes:/home/vicente/Desktop/uni/tqs/TQS/lab7/rest_assured/target/classes:/home/vicente/.m2/repository/io/rest-assured/rest-assured/5.0.1/rest-assured-5.0.1.jar:/home/vicente/.m2/repository/org/apache/groovy/groovy/4.0.1/groovy-4.0.1.jar:/home/vicente/.m2/repository/org/apache/groovy/groovy-xml/4.0.1/groovy-xml-4.0.1.jar:/home/vicente/.m2/repository/org/apache/httpcomponents/httpclient/4.5.13/httpclient-4.5.13.jar:/home/vicente/.m2/repository/org/apache/httpcomponents/httpcore/4.4.13/httpcore-4.4.13.jar:/home/vicente/.m2/repository/commons-logging/commons-logging/1.2/commons-logging-1.2.jar:/home/vicente/.m2/repository/commons-codec/commons-codec/1.11/commons-codec-1.11.jar:/home/vicente/.m2/repository/org/apache/httpcomponents/httpmime/4.5.13/httpmime-4.5.13.jar:/home/vicente/.m2/repository/org/hamcrest/hamcrest/2.1/hamcrest-2.1.jar:/home/vicente/.m2/repository/org/ccil/cowan/tagsoup/tagsoup/1.2.1/tagsoup-1.2.1.jar:/home/vicente/.m2/repository/io/rest-assured/xml-path/5.0.1/xml-path-5.0.1.jar:/home/vicente/.m2/repository/org/apache/commons/commons-lang3/3.11/commons-lang3-3.11.jar:/home/vicente/.m2/repository/io/rest-assured/json-path/5.0.1/json-path-5.0.1.jar:/home/vicente/.m2/repository/org/apache/groovy/groovy-json/4.0.1/groovy-json-4.0.1.jar:/home/vicente/.m2/repository/io/rest-assured/rest-assured-common/5.0.1/rest-assured-common-5.0.1.jar:/home/vicente/.m2/repository/io/rest-assured/spring-mock-mvc/5.0.1/spring-mock-mvc-5.0.1.jar:/home/vicente/.m2/repository/io/rest-assured/spring-commons/5.0.1/spring-commons-5.0.1.jar:/home/vicente/.m2/repository/org/springframework/spring-test/4.3.23.RELEASE/spring-test-4.3.23.RELEASE.jar:/home/vicente/.m2/repository/org/springframework/spring-core/4.3.23.RELEASE/spring-core-4.3.23.RELEASE.jar:/home/vicente/.m2/repository/org/springframework/spring-webmvc/4.3.23.RELEASE/spring-webmvc-4.3.23.RELEASE.jar:/home/vicente/.m2/repository/org/springframework/spring-aop/4.3.23.RELEASE/spring-aop-4.3.23.RELEASE.jar:/home/vicente/.m2/repository/org/springframework/spring-beans/4.3.23.RELEASE/spring-beans-4.3.23.RELEASE.jar:/home/vicente/.m2/repository/org/springframework/spring-context/4.3.23.RELEASE/spring-context-4.3.23.RELEASE.jar:/home/vicente/.m2/repository/org/springframework/spring-expression/4.3.23.RELEASE/spring-expression-4.3.23.RELEASE.jar:/home/vicente/.m2/repository/org/springframework/spring-web/4.3.23.RELEASE/spring-web-4.3.23.RELEASE.jar:/home/vicente/.m2/repository/org/junit/platform/junit-platform-suite/1.8.2/junit-platform-suite-1.8.2.jar:/home/vicente/.m2/repository/org/junit/platform/junit-platform-suite-api/1.8.2/junit-platform-suite-api-1.8.2.jar:/home/vicente/.m2/repository/org/junit/platform/junit-platform-commons/1.8.2/junit-platform-commons-1.8.2.jar:/home/vicente/.m2/repository/org/apiguardian/apiguardian-api/1.1.2/apiguardian-api-1.1.2.jar:/home/vicente/.m2/repository/org/junit/platform/junit-platform-suite-engine/1.8.2/junit-platform-suite-engine-1.8.2.jar:/home/vicente/.m2/repository/org/junit/platform/junit-platform-engine/1.8.2/junit-platform-engine-1.8.2.jar:/home/vicente/.m2/repository/org/junit/platform/junit-platform-suite-commons/1.8.2/junit-platform-suite-commons-1.8.2.jar:/home/vicente/.m2/repository/org/junit/platform/junit-platform-launcher/1.8.2/junit-platform-launcher-1.8.2.jar:/home/vicente/.m2/repository/org/junit/jupiter/junit-jupiter/5.8.2/junit-jupiter-5.8.2.jar:/home/vicente/.m2/repository/org/junit/jupiter/junit-jupiter-api/5.8.2/junit-jupiter-api-5.8.2.jar:/home/vicente/.m2/repository/org/opentest4j/opentest4j/1.2.0/opentest4j-1.2.0.jar:/home/vicente/.m2/repository/org/junit/jupiter/junit-jupiter-params/5.8.2/junit-jupiter-params-5.8.2.jar:/home/vicente/.m2/repository/org/junit/jupiter/junit-jupiter-engine/5.8.2/junit-jupiter-engine-5.8.2.jar:"/>
    <property name="java.vm.vendor" value="Ubuntu"/>
    <property name="sun.arch.data.model" value="64"/>
    <property name="java.vendor.url" value="https://ubuntu.com/"/>
    <property name="user.timezone" value=""/>
    <property name="java.vm.specification.version" value="11"/>
    <property name="os.name" value="Linux"/>
    <property name="sun.java.launcher" value="SUN_STANDARD"/>
    <property name="user.country" value="US"/>
    <property name="sun.boot.library.path" value="/usr/lib/jvm/java-11-openjdk-amd64/lib"/>
    <property name="sun.java.command" value="/home/vicente/Desktop/uni/tqs/TQS/lab7/rest_assured/target/surefire/surefirebooter9820527881917894160.jar /home/vicente/Desktop/uni/tqs/TQS/lab7/rest_assured/target/surefire 2022-04-22T10-01-43_097-jvmRun1 surefire15830924273260286937tmp surefire_09022593169162585902tmp"/>
    <property name="jdk.debug" value="release"/>
    <property name="surefire.test.class.path" value="/home/vicente/Desktop/uni/tqs/TQS/lab7/rest_assured/target/test-classes:/home/vicente/Desktop/uni/tqs/TQS/lab7/rest_assured/target/classes:/home/vicente/.m2/repository/io/rest-assured/rest-assured/5.0.1/rest-assured-5.0.1.jar:/home/vicente/.m2/repository/org/apache/groovy/groovy/4.0.1/groovy-4.0.1.jar:/home/vicente/.m2/repository/org/apache/groovy/groovy-xml/4.0.1/groovy-xml-4.0.1.jar:/home/vicente/.m2/repository/org/apache/httpcomponents/httpclient/4.5.13/httpclient-4.5.13.jar:/home/vicente/.m2/repository/org/apache/httpcomponents/httpcore/4.4.13/httpcore-4.4.13.jar:/home/vicente/.m2/repository/commons-logging/commons-logging/1.2/commons-logging-1.2.jar:/home/vicente/.m2/repository/commons-codec/commons-codec/1.11/commons-codec-1.11.jar:/home/vicente/.m2/repository/org/apache/httpcomponents/httpmime/4.5.13/httpmime-4.5.13.jar:/home/vicente/.m2/repository/org/hamcrest/hamcrest/2.1/hamcrest-2.1.jar:/home/vicente/.m2/repository/org/ccil/cowan/tagsoup/tagsoup/1.2.1/tagsoup-1.2.1.jar:/home/vicente/.m2/repository/io/rest-assured/xml-path/5.0.1/xml-path-5.0.1.jar:/home/vicente/.m2/repository/org/apache/commons/commons-lang3/3.11/commons-lang3-3.11.jar:/home/vicente/.m2/repository/io/rest-assured/json-path/5.0.1/json-path-5.0.1.jar:/home/vicente/.m2/repository/org/apache/groovy/groovy-json/4.0.1/groovy-json-4.0.1.jar:/home/vicente/.m2/repository/io/rest-assured/rest-assured-common/5.0.1/rest-assured-common-5.0.1.jar:/home/vicente/.m2/repository/io/rest-assured/spring-mock-mvc/5.0.1/spring-mock-mvc-5.0.1.jar:/home/vicente/.m2/repository/io/rest-assured/spring-commons/5.0.1/spring-commons-5.0.1.jar:/home/vicente/.m2/repository/org/springframework/spring-test/4.3.23.RELEASE/spring-test-4.3.23.RELEASE.jar:/home/vicente/.m2/repository/org/springframework/spring-core/4.3.23.RELEASE/spring-core-4.3.23.RELEASE.jar:/home/vicente/.m2/repository/org/springframework/spring-webmvc/4.3.23.RELEASE/spring-webmvc-4.3.23.RELEASE.jar:/home/vicente/.m2/repository/org/springframework/spring-aop/4.3.23.RELEASE/spring-aop-4.3.23.RELEASE.jar:/home/vicente/.m2/repository/org/springframework/spring-beans/4.3.23.RELEASE/spring-beans-4.3.23.RELEASE.jar:/home/vicente/.m2/repository/org/springframework/spring-context/4.3.23.RELEASE/spring-context-4.3.23.RELEASE.jar:/home/vicente/.m2/repository/org/springframework/spring-expression/4.3.23.RELEASE/spring-expression-4.3.23.RELEASE.jar:/home/vicente/.m2/repository/org/springframework/spring-web/4.3.23.RELEASE/spring-web-4.3.23.RELEASE.jar:/home/vicente/.m2/repository/org/junit/platform/junit-platform-suite/1.8.2/junit-platform-suite-1.8.2.jar:/home/vicente/.m2/repository/org/junit/platform/junit-platform-suite-api/1.8.2/junit-platform-suite-api-1.8.2.jar:/home/vicente/.m2/repository/org/junit/platform/junit-platform-commons/1.8.2/junit-platform-commons-1.8.2.jar:/home/vicente/.m2/repository/org/apiguardian/apiguardian-api/1.1.2/apiguardian-api-1.1.2.jar:/home/vicente/.m2/repository/org/junit/platform/junit-platform-suite-engine/1.8.2/junit-platform-suite-engine-1.8.2.jar:/home/vicente/.m2/repository/org/junit/platform/junit-platform-engine/1.8.2/junit-platform-engine-1.8.2.jar:/home/vicente/.m2/repository/org/junit/platform/junit-platform-suite-commons/1.8.2/junit-platform-suite-commons-1.8.2.jar:/home/vicente/.m2/repository/org/junit/platform/junit-platform-launcher/1.8.2/junit-platform-launcher-1.8.2.jar:/home/vicente/.m2/repository/org/junit/jupiter/junit-jupiter/5.8.2/junit-jupiter-5.8.2.jar:/home/vicente/.m2/repository/org/junit/jupiter/junit-jupiter-api/5.8.2/junit-jupiter-api-5.8.2.jar:/home/vicente/.m2/repository/org/opentest4j/opentest4j/1.2.0/opentest4j-1.2.0.jar:/home/vicente/.m2/repository/org/junit/jupiter/junit-jupiter-params/5.8.2/junit-jupiter-params-5.8.2.jar:/home/vicente/.m2/repository/org/junit/jupiter/junit-jupiter-engine/5.8.2/junit-jupiter-engine-5.8.2.jar:"/>
    <property name="sun.cpu.endian" value="little"/>
    <property name="user.home" value="/home/vicente"/>
    <property name="user.language" value="en"/>
    <property name="java.specification.vendor" value="Oracle Corporation"/>
    <property name="java.version.date" value="2022-02-08"/>
    <property name="java.home" value="/usr/lib/jvm/java-11-openjdk-amd64"/>
    <property name="file.separator" value="/"/>
    <property name="basedir" value="/home/vicente/Desktop/uni/tqs/TQS/lab7/rest_assured"/>
    <property name="java.vm.compressedOopsMode" value="Zero based"/>
    <property name="line.separator" value="&#10;"/>
    <property name="java.specification.name" value="Java Platform API Specification"/>
    <property name="java.vm.specification.vendor" value="Oracle Corporation"/>
    <property name="java.awt.graphicsenv" value="sun.awt.X11GraphicsEnvironment"/>
    <property name="surefire.real.class.path" value="/home/vicente/Desktop/uni/tqs/TQS/lab7/rest_assured/target/surefire/surefirebooter9820527881917894160.jar"/>
    <property name="sun.management.compiler" value="HotSpot 64-Bit Tiered Compilers"/>
    <property name="java.runtime.version" value="11.0.14.1+1-Ubuntu-0ubuntu1.18.04"/>
    <property name="user.name" value="vicente"/>
    <property name="path.separator" value=":"/>
    <property name="os.version" value="5.4.0-107-generic"/>
    <property name="java.runtime.name" value="OpenJDK Runtime Environment"/>
    <property name="file.encoding" value="UTF-8"/>
    <property name="java.vm.name" value="OpenJDK 64-Bit Server VM"/>
    <property name="localRepository" value="/home/vicente/.m2/repository"/>
    <property name="java.vendor.url.bug" value="https://bugs.launchpad.net/ubuntu/+source/openjdk-lts"/>
    <property name="java.io.tmpdir" value="/tmp"/>
    <property name="java.version" value="11.0.14.1"/>
    <property name="user.dir" value="/home/vicente/Desktop/uni/tqs/TQS/lab7/rest_assured"/>
    <property name="os.arch" value="amd64"/>
    <property name="java.vm.specification.name" value="Java Virtual Machine Specification"/>
    <property name="java.awt.printerjob" value="sun.print.PSPrinterJob"/>
    <property name="sun.os.patch.level" value="unknown"/>
    <property name="java.library.path" value="/usr/java/packages/lib:/usr/lib/x86_64-linux-gnu/jni:/lib/x86_64-linux-gnu:/usr/lib/x86_64-linux-gnu:/usr/lib/jni:/lib:/usr/lib"/>
    <property name="java.vm.info" value="mixed mode, sharing"/>
    <property name="java.vendor" value="Ubuntu"/>
    <property name="java.vm.version" value="11.0.14.1+1-Ubuntu-0ubuntu1.18.04"/>
    <property name="sun.io.unicode.encoding" value="UnicodeLittle"/>
    <property name="java.class.version" value="55.0"/>
  </properties>
  <testcase name="endpointToListAllToDosIsAvailableTest" classname="tqs.lab7.ApiTest" time="1.529"/>
  <testcase name="whenQueryToDOGetIDs198And199Test" classname="tqs.lab7.ApiTest" time="0.72"/>
  <testcase name="whenQueryToDO4Test" classname="tqs.lab7.ApiTest" time="0.313"/>
</testsuite>